<?xml version="1.0" encoding="UTF-8"?>
<!-- Generated by org.testng.reporters.JUnitReportReporter -->
<testsuite skipped="0" hostname="DESKTOP-8313LRD" name="widgets.MenuTest" tests="1" failures="0" timestamp="2020-09-27T13:50:07 PDT" time="25.145" errors="0">
  <testcase name="MenuTest" time="25.145" classname="widgets.MenuTest"/>
</testsuite> <!-- widgets.MenuTest -->
