<?xml version="1.0" encoding="UTF-8"?>
<!-- Generated by org.testng.reporters.JUnitReportReporter -->
<testsuite skipped="0" hostname="DESKTOP-8313LRD" name="widgets.DatePickerYearSelectionTest" tests="1" failures="0" timestamp="2020-10-04T16:29:31 PDT" time="27.837" errors="0">
  <testcase name="DatePickerTest" time="27.837" classname="widgets.DatePickerYearSelectionTest"/>
</testsuite> <!-- widgets.DatePickerYearSelectionTest -->
