<?xml version="1.0" encoding="UTF-8"?>
<!-- Generated by org.testng.reporters.JUnitReportReporter -->
<testsuite skipped="0" hostname="DESKTOP-8313LRD" name="elements.LinksTest" tests="1" failures="0" timestamp="2020-09-02T18:18:49 PDT" time="22.993" errors="0">
  <testcase name="LinksTest" time="22.993" classname="elements.LinksTest"/>
</testsuite> <!-- elements.LinksTest -->
