<?xml version="1.0" encoding="UTF-8"?>
<!-- Generated by org.testng.reporters.JUnitReportReporter -->
<testsuite skipped="0" hostname="DESKTOP-8313LRD" name="widgets.SelectMenuTest" tests="1" failures="0" timestamp="2020-09-28T23:32:21 PDT" time="25.586" errors="0">
  <testcase name="SelectMenuTest" time="25.586" classname="widgets.SelectMenuTest"/>
</testsuite> <!-- widgets.SelectMenuTest -->
