<?xml version="1.0" encoding="UTF-8"?>
<!-- Generated by org.testng.reporters.JUnitReportReporter -->
<testsuite skipped="0" hostname="DESKTOP-8313LRD" name="widgets.DatePickerTest" tests="1" failures="0" timestamp="2020-09-29T00:09:05 PDT" time="21.837" errors="0">
  <testcase name="DatePickerTest" time="21.837" classname="widgets.DatePickerTest"/>
</testsuite> <!-- widgets.DatePickerTest -->
