<?xml version="1.0" encoding="UTF-8"?>
<!-- Generated by org.testng.reporters.JUnitReportReporter -->
<testsuite skipped="0" hostname="DESKTOP-8313LRD" name="widgets.AccordianTest" tests="1" failures="0" timestamp="2020-09-17T12:32:43 PDT" time="22.985" errors="0">
  <testcase name="AccordianTest" time="22.985" classname="widgets.AccordianTest"/>
</testsuite> <!-- widgets.AccordianTest -->
