<?xml version="1.0" encoding="UTF-8"?>
<!-- Generated by org.testng.reporters.JUnitReportReporter -->
<testsuite skipped="0" hostname="DESKTOP-8313LRD" name="interactions.ResizeableTest" tests="1" failures="0" timestamp="2020-09-30T23:59:10 PDT" time="20.050" errors="0">
  <testcase name="ResizeableTest" time="20.050" classname="interactions.ResizeableTest"/>
</testsuite> <!-- interactions.ResizeableTest -->
