<?xml version="1.0" encoding="UTF-8"?>
<!-- Generated by org.testng.reporters.JUnitReportReporter -->
<testsuite skipped="0" hostname="DESKTOP-8313LRD" name="interactions.DroppableTest" tests="1" failures="0" timestamp="2020-10-06T23:05:46 PDT" time="50.004" errors="0">
  <testcase name="DroppableTest" time="50.004" classname="interactions.DroppableTest"/>
</testsuite> <!-- interactions.DroppableTest -->
