<?xml version="1.0" encoding="UTF-8"?>
<!-- Generated by org.testng.reporters.JUnitReportReporter -->
<testsuite skipped="0" hostname="DESKTOP-8313LRD" name="com.alerts.frames.windows.NestedFramesTest" tests="1" failures="0" timestamp="2020-09-15T11:53:59 PDT" time="20.717" errors="0">
  <testcase name="NestedFrameTest" time="20.717" classname="com.alerts.frames.windows.NestedFramesTest"/>
</testsuite> <!-- com.alerts.frames.windows.NestedFramesTest -->
