<?xml version="1.0" encoding="UTF-8"?>
<!-- Generated by org.testng.reporters.JUnitReportReporter -->
<testsuite skipped="0" hostname="DESKTOP-8313LRD" name="com.alerts.frames.windows.ModalDialogsTest" tests="1" failures="0" timestamp="2020-09-15T12:56:10 PDT" time="21.053" errors="0">
  <testcase name="ModalDialogsTest" time="21.053" classname="com.alerts.frames.windows.ModalDialogsTest"/>
</testsuite> <!-- com.alerts.frames.windows.ModalDialogsTest -->
