<?xml version="1.0" encoding="UTF-8"?>
<!-- Generated by org.testng.reporters.JUnitReportReporter -->
<testsuite skipped="0" hostname="DESKTOP-8313LRD" name="widgets.ToolTipTest" tests="1" failures="0" timestamp="2020-09-27T13:09:36 PDT" time="19.187" errors="0">
  <testcase name="ToolTipTest" time="19.187" classname="widgets.ToolTipTest"/>
</testsuite> <!-- widgets.ToolTipTest -->
