<?xml version="1.0" encoding="UTF-8"?>
<!-- Generated by org.testng.reporters.JUnitReportReporter -->
<testsuite skipped="0" hostname="DESKTOP-8313LRD" name="com.alerts.frames.windows.AlertsTest" tests="1" failures="0" timestamp="2020-09-15T11:13:08 PDT" time="38.437" errors="0">
  <testcase name="AlertsTest" time="38.437" classname="com.alerts.frames.windows.AlertsTest"/>
</testsuite> <!-- com.alerts.frames.windows.AlertsTest -->
