<?xml version="1.0" encoding="UTF-8"?>
<!-- Generated by org.testng.reporters.JUnitReportReporter -->
<testsuite skipped="0" hostname="DESKTOP-8313LRD" name="elements.ValidLogin" tests="1" failures="0" timestamp="2020-08-25T23:14:42 PDT" time="15.903" errors="0">
  <testcase name="validlogin" time="15.903" classname="elements.ValidLogin"/>
</testsuite> <!-- elements.ValidLogin -->
