<?xml version="1.0" encoding="UTF-8"?>
<!-- Generated by org.testng.reporters.JUnitReportReporter -->
<testsuite skipped="0" hostname="DESKTOP-8313LRD" name="widgets.SliderTest" tests="1" failures="0" timestamp="2020-09-27T01:13:00 PDT" time="17.083" errors="0">
  <testcase name="SliderTest" time="17.083" classname="widgets.SliderTest"/>
</testsuite> <!-- widgets.SliderTest -->
