<?xml version="1.0" encoding="UTF-8"?>
<!-- Generated by org.testng.reporters.JUnitReportReporter -->
<testsuite skipped="0" hostname="DESKTOP-8313LRD" name="com.alerts.frames.windows.FramesTest" tests="1" failures="0" timestamp="2020-09-15T11:40:26 PDT" time="19.366" errors="0">
  <testcase name="FrameTest" time="19.366" classname="com.alerts.frames.windows.FramesTest"/>
</testsuite> <!-- com.alerts.frames.windows.FramesTest -->
