<?xml version="1.0" encoding="UTF-8"?>
<!-- Generated by org.testng.reporters.JUnitReportReporter -->
<testsuite skipped="0" hostname="DESKTOP-8313LRD" name="interactions.ResizableTest" tests="1" failures="0" timestamp="2020-10-01T00:41:25 PDT" time="19.796" errors="0">
  <testcase name="ResizeableTest" time="19.796" classname="interactions.ResizableTest"/>
</testsuite> <!-- interactions.ResizableTest -->
