<?xml version="1.0" encoding="UTF-8"?>
<!-- Generated by org.testng.reporters.JUnitReportReporter -->
<testsuite skipped="0" hostname="DESKTOP-8313LRD" name="elements.ButtonsTest" tests="1" failures="0" timestamp="2020-09-18T21:15:04 PDT" time="25.839" errors="0">
  <testcase name="ButtonsTest" time="25.839" classname="elements.ButtonsTest"/>
</testsuite> <!-- elements.ButtonsTest -->
