<?xml version="1.0" encoding="UTF-8"?>
<!-- Generated by org.testng.reporters.JUnitReportReporter -->
<testsuite skipped="0" hostname="DESKTOP-8313LRD" name="interactions.SelectableTest" tests="1" failures="0" timestamp="2020-09-30T18:33:34 PDT" time="37.058" errors="0">
  <testcase name="SelectableTest" time="37.058" classname="interactions.SelectableTest"/>
</testsuite> <!-- interactions.SelectableTest -->
