<?xml version="1.0" encoding="UTF-8"?>
<!-- Generated by org.testng.reporters.JUnitReportReporter -->
<testsuite skipped="0" hostname="DESKTOP-8313LRD" name="interactions.SortableTest" tests="1" failures="0" timestamp="2020-09-30T11:04:27 PDT" time="18.692" errors="0">
  <testcase name="AccordianTest" time="18.692" classname="interactions.SortableTest"/>
</testsuite> <!-- interactions.SortableTest -->
