<?xml version="1.0" encoding="UTF-8"?>
<!-- Generated by org.testng.reporters.JUnitReportReporter -->
<testsuite skipped="0" hostname="DESKTOP-8313LRD" name="elements.RadioButtonTest" tests="1" failures="0" timestamp="2020-09-03T18:14:24 PDT" time="31.764" errors="0">
  <testcase name="radioButtonTest" time="31.764" classname="elements.RadioButtonTest"/>
</testsuite> <!-- elements.RadioButtonTest -->
