<?xml version="1.0" encoding="UTF-8"?>
<!-- Generated by org.testng.reporters.JUnitReportReporter -->
<testsuite skipped="0" hostname="DESKTOP-8313LRD" name="elements.TestBoxTest" tests="1" failures="0" timestamp="2020-09-18T21:17:37 PDT" time="22.790" errors="0">
  <testcase name="testBoxTest" time="22.790" classname="elements.TestBoxTest"/>
</testsuite> <!-- elements.TestBoxTest -->
