<?xml version="1.0" encoding="UTF-8"?>
<!-- Generated by org.testng.reporters.JUnitReportReporter -->
<testsuite skipped="0" hostname="DESKTOP-8313LRD" name="elements.CheckBoxTest" tests="1" failures="0" timestamp="2020-08-31T11:23:30 PDT" time="73.835" errors="0">
  <testcase name="checkBoxTest" time="73.835" classname="elements.CheckBoxTest"/>
</testsuite> <!-- elements.CheckBoxTest -->
