<?xml version="1.0" encoding="UTF-8"?>
<!-- Generated by org.testng.reporters.JUnitReportReporter -->
<testsuite skipped="0" hostname="DESKTOP-8313LRD" name="widgets.AutoCompleteTest" tests="1" failures="0" timestamp="2020-09-17T13:06:55 PDT" time="40.310" errors="0">
  <testcase name="AutoCompleteTest" time="40.310" classname="widgets.AutoCompleteTest"/>
</testsuite> <!-- widgets.AutoCompleteTest -->
