<?xml version="1.0" encoding="UTF-8"?>
<!-- Generated by org.testng.reporters.JUnitReportReporter -->
<testsuite skipped="0" hostname="DESKTOP-8313LRD" name="widgets.ProgressBarTest" tests="1" failures="0" timestamp="2020-09-25T23:42:37 PDT" time="21.362" errors="0">
  <testcase name="ProgressBarTest" time="21.362" classname="widgets.ProgressBarTest"/>
</testsuite> <!-- widgets.ProgressBarTest -->
