<?xml version="1.0" encoding="UTF-8"?>
<!-- Generated by org.testng.reporters.JUnitReportReporter -->
<testsuite skipped="0" hostname="DESKTOP-8313LRD" name="widgets.DatePickerThroughExcelTest" tests="1" failures="0" timestamp="2020-09-26T00:38:05 PDT" time="21.527" errors="0">
  <testcase name="DatePickerThroughExcelTest" time="21.527" classname="widgets.DatePickerThroughExcelTest"/>
</testsuite> <!-- widgets.DatePickerThroughExcelTest -->
