<?xml version="1.0" encoding="UTF-8"?>
<!-- Generated by org.testng.reporters.JUnitReportReporter -->
<testsuite skipped="0" hostname="DESKTOP-8313LRD" name="widgets.TabsTest" tests="1" failures="0" timestamp="2020-09-26T23:46:42 PDT" time="19.358" errors="0">
  <testcase name="AutoCompleteTest" time="19.358" classname="widgets.TabsTest"/>
</testsuite> <!-- widgets.TabsTest -->
