<?xml version="1.0" encoding="UTF-8"?>
<!-- Generated by org.testng.reporters.JUnitReportReporter -->
<testsuite skipped="0" hostname="DESKTOP-8313LRD" name="elements.UploadnDownloadTest" tests="1" failures="0" timestamp="2020-09-02T13:21:26 PDT" time="31.931" errors="0">
  <testcase name="UploadnDownloadTest" time="31.931" classname="elements.UploadnDownloadTest"/>
</testsuite> <!-- elements.UploadnDownloadTest -->
