<?xml version="1.0" encoding="UTF-8"?>
<!-- Generated by org.testng.reporters.JUnitReportReporter -->
<testsuite skipped="0" hostname="DESKTOP-8313LRD" name="interactions.DragabbleTest" tests="1" failures="0" timestamp="2020-10-07T00:14:03 PDT" time="38.491" errors="0">
  <testcase name="DragabbleTest" time="38.491" classname="interactions.DragabbleTest"/>
</testsuite> <!-- interactions.DragabbleTest -->
